<?xml version="1.0" encoding="UTF-8"?>
<!-- Generated by org.testng.reporters.JUnitReportReporter -->
<testsuite hostname="MacBook-Pro-Nikita.local" failures="0" tests="5" name="tests.AddCustomerTest" time="3.922" errors="0" timestamp="2023-03-30T10:57:13 SAMT" skipped="0">
  <testcase classname="tests.AddCustomerTest" name="addNewCustomerWithInvalidData" time="0.147"/>
  <system-out/>
  <testcase classname="tests.AddCustomerTest" name="addNewCustomerWithInvalidData" time="2.878"/>
  <system-out/>
  <testcase classname="tests.AddCustomerTest" name="addNewCustomerWithInvalidData" time="0.196"/>
  <system-out/>
  <testcase classname="tests.AddCustomerTest" name="addNewCustomer" time="0.573"/>
  <system-out/>
  <testcase classname="tests.AddCustomerTest" name="addNewCustomerWithInvalidData" time="0.128"/>
  <system-out/>
</testsuite> <!-- tests.AddCustomerTest -->
