<?xml version="1.0" encoding="UTF-8"?>
<!-- Generated by org.testng.reporters.JUnitReportReporter -->
<testsuite hostname="MacBook-Pro-Nikita.local" failures="0" tests="3" name="tests.FindCustomerTest" time="4.099" errors="0" timestamp="2023-03-30T10:57:13 SAMT" skipped="0">
  <testcase classname="tests.FindCustomerTest" name="searchCustomerByFirstName" time="3.671"/>
  <system-out/>
  <testcase classname="tests.FindCustomerTest" name="searchCustomerByFullName" time="0.212"/>
  <system-out/>
  <testcase classname="tests.FindCustomerTest" name="searchCustomerByLastName" time="0.216"/>
  <system-out/>
</testsuite> <!-- tests.FindCustomerTest -->
