<?xml version="1.0" encoding="UTF-8"?>
<!-- Generated by org.testng.reporters.JUnitReportReporter -->
<testsuite hostname="MacBook-Pro-Nikita.local" failures="0" tests="2" name="tests.SortCustomersListTest" time="2.864" errors="0" timestamp="2023-03-30T10:57:13 SAMT" skipped="0">
  <testcase classname="tests.SortCustomersListTest" name="sortCustomersList" time="0.146"/>
  <system-out/>
  <testcase classname="tests.SortCustomersListTest" name="reverseSortCustomersList" time="2.718"/>
  <system-out/>
</testsuite> <!-- tests.SortCustomersListTest -->
